<?xml version="1.0" encoding="UTF-8"?>
<!-- Generated by org.testng.reporters.JUnitXMLReporter -->
<testsuite ignored="0" hostname="DESKTOP-GE45KKD" failures="0" tests="20" name="Automation Test Suite" time="2.191" errors="0" timestamp="06 Mar 2021 18:48:21 GMT">
  <testcase classname="com.crm.qa.testcases.HomePageTest" name="loginPageTitleTest" time="1.428"/>
  <testcase classname="com.crm.qa.testcases.HomePageTest" name="loginPageTitleTest" time="1.437"/>
  <testcase classname="com.crm.qa.testcases.HomePageTest" name="loginPageTitleTest" time="1.43"/>
  <testcase classname="com.crm.qa.testcases.HomePageTest" name="loginPageTitleTest" time="1.427"/>
  <testcase classname="com.crm.qa.testcases.HomePageTest" name="loginPageTitleTest" time="1.43"/>
  <testcase classname="com.crm.qa.testcases.HomePageTest" name="loginPageTitleTest" time="1.428"/>
  <testcase classname="com.crm.qa.testcases.HomePageTest" name="loginPageTitleTest" time="1.437"/>
  <testcase classname="com.crm.qa.testcases.HomePageTest" name="loginPageTitleTest" time="1.438"/>
  <testcase classname="com.crm.qa.testcases.HomePageTest" name="loginPageTitleTest" time="1.446"/>
  <testcase classname="com.crm.qa.testcases.HomePageTest" name="loginPageTitleTest" time="1.447"/>
  <testcase classname="com.crm.qa.testcases.HomePageTest" name="loginPageTitleTest" time="1.448"/>
  <testcase classname="com.crm.qa.testcases.HomePageTest" name="loginPageTitleTest" time="1.978"/>
  <testcase classname="com.crm.qa.testcases.HomePageTest" name="loginPageTitleTest" time="2.016"/>
  <testcase classname="com.crm.qa.testcases.HomePageTest" name="loginPageTitleTest" time="2.028"/>
  <testcase classname="com.crm.qa.testcases.HomePageTest" name="loginPageTitleTest" time="2.028"/>
  <testcase classname="com.crm.qa.testcases.HomePageTest" name="loginPageTitleTest" time="2.036"/>
  <testcase classname="com.crm.qa.testcases.HomePageTest" name="loginPageTitleTest" time="2.043"/>
  <testcase classname="com.crm.qa.testcases.HomePageTest" name="loginPageTitleTest" time="2.055"/>
  <testcase classname="com.crm.qa.testcases.HomePageTest" name="loginPageTitleTest" time="2.064"/>
  <testcase classname="com.crm.qa.testcases.HomePageTest" name="loginPageTitleTest" time="2.088"/>
</testsuite> <!-- Automation Test Suite -->
