<?xml version="1.0" encoding="UTF-8"?>
<testng-results ignored="0" total="20" passed="20" failed="0" skipped="0">
  <reporter-output>
  </reporter-output>
  <suite started-at="2021-03-07T14:19:23Z" name="Load Test Suite" finished-at="2021-03-07T14:19:27Z" duration-ms="3523">
    <groups>
    </groups>
    <test started-at="2021-03-07T14:19:23Z" name="Load Test Suite" finished-at="2021-03-07T14:19:27Z" duration-ms="3523">
      <class name="com.crm.qa.testcases.LoadTest">
        <test-method is-config="true" signature="openfilewriter()[pri:0, instance:com.crm.qa.testcases.LoadTest@4313f5bc]" started-at="2021-03-07T19:49:23Z" name="openfilewriter" finished-at="2021-03-07T19:49:23Z" duration-ms="23" status="PASS">
          <reporter-output>
          </reporter-output>
        </test-method> <!-- openfilewriter -->
        <test-method signature="loginPageTitleTest()[pri:0, instance:com.crm.qa.testcases.LoadTest@4313f5bc]" started-at="2021-03-07T19:49:24Z" name="loginPageTitleTest" finished-at="2021-03-07T19:49:26Z" duration-ms="2408" status="PASS">
          <reporter-output>
          </reporter-output>
        </test-method> <!-- loginPageTitleTest -->
        <test-method signature="loginPageTitleTest()[pri:0, instance:com.crm.qa.testcases.LoadTest@4313f5bc]" started-at="2021-03-07T19:49:24Z" name="loginPageTitleTest" finished-at="2021-03-07T19:49:27Z" duration-ms="3197" status="PASS">
          <reporter-output>
          </reporter-output>
        </test-method> <!-- loginPageTitleTest -->
        <test-method signature="loginPageTitleTest()[pri:0, instance:com.crm.qa.testcases.LoadTest@4313f5bc]" started-at="2021-03-07T19:49:24Z" name="loginPageTitleTest" finished-at="2021-03-07T19:49:25Z" duration-ms="1456" status="PASS">
          <reporter-output>
          </reporter-output>
        </test-method> <!-- loginPageTitleTest -->
        <test-method signature="loginPageTitleTest()[pri:0, instance:com.crm.qa.testcases.LoadTest@4313f5bc]" started-at="2021-03-07T19:49:24Z" name="loginPageTitleTest" finished-at="2021-03-07T19:49:26Z" duration-ms="2011" status="PASS">
          <reporter-output>
          </reporter-output>
        </test-method> <!-- loginPageTitleTest -->
        <test-method signature="loginPageTitleTest()[pri:0, instance:com.crm.qa.testcases.LoadTest@4313f5bc]" started-at="2021-03-07T19:49:24Z" name="loginPageTitleTest" finished-at="2021-03-07T19:49:25Z" duration-ms="1420" status="PASS">
          <reporter-output>
          </reporter-output>
        </test-method> <!-- loginPageTitleTest -->
        <test-method signature="loginPageTitleTest()[pri:0, instance:com.crm.qa.testcases.LoadTest@4313f5bc]" started-at="2021-03-07T19:49:24Z" name="loginPageTitleTest" finished-at="2021-03-07T19:49:25Z" duration-ms="1420" status="PASS">
          <reporter-output>
          </reporter-output>
        </test-method> <!-- loginPageTitleTest -->
        <test-method signature="loginPageTitleTest()[pri:0, instance:com.crm.qa.testcases.LoadTest@4313f5bc]" started-at="2021-03-07T19:49:24Z" name="loginPageTitleTest" finished-at="2021-03-07T19:49:27Z" duration-ms="3413" status="PASS">
          <reporter-output>
          </reporter-output>
        </test-method> <!-- loginPageTitleTest -->
        <test-method signature="loginPageTitleTest()[pri:0, instance:com.crm.qa.testcases.LoadTest@4313f5bc]" started-at="2021-03-07T19:49:24Z" name="loginPageTitleTest" finished-at="2021-03-07T19:49:26Z" duration-ms="2117" status="PASS">
          <reporter-output>
          </reporter-output>
        </test-method> <!-- loginPageTitleTest -->
        <test-method signature="loginPageTitleTest()[pri:0, instance:com.crm.qa.testcases.LoadTest@4313f5bc]" started-at="2021-03-07T19:49:24Z" name="loginPageTitleTest" finished-at="2021-03-07T19:49:26Z" duration-ms="2368" status="PASS">
          <reporter-output>
          </reporter-output>
        </test-method> <!-- loginPageTitleTest -->
        <test-method signature="loginPageTitleTest()[pri:0, instance:com.crm.qa.testcases.LoadTest@4313f5bc]" started-at="2021-03-07T19:49:24Z" name="loginPageTitleTest" finished-at="2021-03-07T19:49:26Z" duration-ms="2443" status="PASS">
          <reporter-output>
          </reporter-output>
        </test-method> <!-- loginPageTitleTest -->
        <test-method signature="loginPageTitleTest()[pri:0, instance:com.crm.qa.testcases.LoadTest@4313f5bc]" started-at="2021-03-07T19:49:24Z" name="loginPageTitleTest" finished-at="2021-03-07T19:49:26Z" duration-ms="2300" status="PASS">
          <reporter-output>
          </reporter-output>
        </test-method> <!-- loginPageTitleTest -->
        <test-method signature="loginPageTitleTest()[pri:0, instance:com.crm.qa.testcases.LoadTest@4313f5bc]" started-at="2021-03-07T19:49:24Z" name="loginPageTitleTest" finished-at="2021-03-07T19:49:26Z" duration-ms="2651" status="PASS">
          <reporter-output>
          </reporter-output>
        </test-method> <!-- loginPageTitleTest -->
        <test-method signature="loginPageTitleTest()[pri:0, instance:com.crm.qa.testcases.LoadTest@4313f5bc]" started-at="2021-03-07T19:49:24Z" name="loginPageTitleTest" finished-at="2021-03-07T19:49:25Z" duration-ms="1539" status="PASS">
          <reporter-output>
          </reporter-output>
        </test-method> <!-- loginPageTitleTest -->
        <test-method signature="loginPageTitleTest()[pri:0, instance:com.crm.qa.testcases.LoadTest@4313f5bc]" started-at="2021-03-07T19:49:24Z" name="loginPageTitleTest" finished-at="2021-03-07T19:49:27Z" duration-ms="3343" status="PASS">
          <reporter-output>
          </reporter-output>
        </test-method> <!-- loginPageTitleTest -->
        <test-method signature="loginPageTitleTest()[pri:0, instance:com.crm.qa.testcases.LoadTest@4313f5bc]" started-at="2021-03-07T19:49:24Z" name="loginPageTitleTest" finished-at="2021-03-07T19:49:27Z" duration-ms="3305" status="PASS">
          <reporter-output>
          </reporter-output>
        </test-method> <!-- loginPageTitleTest -->
        <test-method signature="loginPageTitleTest()[pri:0, instance:com.crm.qa.testcases.LoadTest@4313f5bc]" started-at="2021-03-07T19:49:24Z" name="loginPageTitleTest" finished-at="2021-03-07T19:49:25Z" duration-ms="1810" status="PASS">
          <reporter-output>
          </reporter-output>
        </test-method> <!-- loginPageTitleTest -->
        <test-method signature="loginPageTitleTest()[pri:0, instance:com.crm.qa.testcases.LoadTest@4313f5bc]" started-at="2021-03-07T19:49:24Z" name="loginPageTitleTest" finished-at="2021-03-07T19:49:25Z" duration-ms="1418" status="PASS">
          <reporter-output>
          </reporter-output>
        </test-method> <!-- loginPageTitleTest -->
        <test-method signature="loginPageTitleTest()[pri:0, instance:com.crm.qa.testcases.LoadTest@4313f5bc]" started-at="2021-03-07T19:49:24Z" name="loginPageTitleTest" finished-at="2021-03-07T19:49:27Z" duration-ms="3149" status="PASS">
          <reporter-output>
          </reporter-output>
        </test-method> <!-- loginPageTitleTest -->
        <test-method signature="loginPageTitleTest()[pri:0, instance:com.crm.qa.testcases.LoadTest@4313f5bc]" started-at="2021-03-07T19:49:24Z" name="loginPageTitleTest" finished-at="2021-03-07T19:49:25Z" duration-ms="1489" status="PASS">
          <reporter-output>
          </reporter-output>
        </test-method> <!-- loginPageTitleTest -->
        <test-method signature="loginPageTitleTest()[pri:0, instance:com.crm.qa.testcases.LoadTest@4313f5bc]" started-at="2021-03-07T19:49:24Z" name="loginPageTitleTest" finished-at="2021-03-07T19:49:26Z" duration-ms="2092" status="PASS">
          <reporter-output>
          </reporter-output>
        </test-method> <!-- loginPageTitleTest -->
        <test-method is-config="true" signature="closefilewriter()[pri:0, instance:com.crm.qa.testcases.LoadTest@4313f5bc]" started-at="2021-03-07T19:49:27Z" name="closefilewriter" finished-at="2021-03-07T19:49:27Z" duration-ms="5" status="PASS">
          <reporter-output>
          </reporter-output>
        </test-method> <!-- closefilewriter -->
      </class> <!-- com.crm.qa.testcases.LoadTest -->
    </test> <!-- Load Test Suite -->
  </suite> <!-- Load Test Suite -->
</testng-results>
