<?xml version="1.0" encoding="UTF-8"?>
<!-- Generated by org.testng.reporters.JUnitXMLReporter -->
<testsuite ignored="0" hostname="DESKTOP-GE45KKD" failures="0" tests="20" name="Load Test Suite" time="3.523" errors="0" timestamp="07 Mar 2021 14:19:27 GMT">
  <testcase classname="com.crm.qa.testcases.LoadTest" name="loginPageTitleTest" time="1.418"/>
  <testcase classname="com.crm.qa.testcases.LoadTest" name="loginPageTitleTest" time="1.42"/>
  <testcase classname="com.crm.qa.testcases.LoadTest" name="loginPageTitleTest" time="1.42"/>
  <testcase classname="com.crm.qa.testcases.LoadTest" name="loginPageTitleTest" time="1.456"/>
  <testcase classname="com.crm.qa.testcases.LoadTest" name="loginPageTitleTest" time="1.489"/>
  <testcase classname="com.crm.qa.testcases.LoadTest" name="loginPageTitleTest" time="1.539"/>
  <testcase classname="com.crm.qa.testcases.LoadTest" name="loginPageTitleTest" time="1.81"/>
  <testcase classname="com.crm.qa.testcases.LoadTest" name="loginPageTitleTest" time="2.011"/>
  <testcase classname="com.crm.qa.testcases.LoadTest" name="loginPageTitleTest" time="2.092"/>
  <testcase classname="com.crm.qa.testcases.LoadTest" name="loginPageTitleTest" time="2.117"/>
  <testcase classname="com.crm.qa.testcases.LoadTest" name="loginPageTitleTest" time="2.3"/>
  <testcase classname="com.crm.qa.testcases.LoadTest" name="loginPageTitleTest" time="2.368"/>
  <testcase classname="com.crm.qa.testcases.LoadTest" name="loginPageTitleTest" time="2.408"/>
  <testcase classname="com.crm.qa.testcases.LoadTest" name="loginPageTitleTest" time="2.443"/>
  <testcase classname="com.crm.qa.testcases.LoadTest" name="loginPageTitleTest" time="2.651"/>
  <testcase classname="com.crm.qa.testcases.LoadTest" name="loginPageTitleTest" time="3.149"/>
  <testcase classname="com.crm.qa.testcases.LoadTest" name="loginPageTitleTest" time="3.197"/>
  <testcase classname="com.crm.qa.testcases.LoadTest" name="loginPageTitleTest" time="3.305"/>
  <testcase classname="com.crm.qa.testcases.LoadTest" name="loginPageTitleTest" time="3.343"/>
  <testcase classname="com.crm.qa.testcases.LoadTest" name="loginPageTitleTest" time="3.413"/>
</testsuite> <!-- Load Test Suite -->
